<?xml version="1.0" encoding="UTF-8"?>
<coverage generated="1574493789354" clover="3.2.0">
  <project timestamp="1574493789354" name="All files">
    <metrics statements="17" coveredstatements="4" conditionals="2" coveredconditionals="1" methods="4" coveredmethods="1" elements="23" coveredelements="6" complexity="0" loc="17" ncloc="17" packages="1" files="1" classes="1"/>
    <file name="graph.js" path="/home/shail/Documents/github/FSS/src/graph.js">
      <metrics statements="17" coveredstatements="4" conditionals="2" coveredconditionals="1" methods="4" coveredmethods="1"/>
      <line num="4" count="1" type="stmt"/>
      <line num="5" count="1" type="stmt"/>
      <line num="9" count="0" type="stmt"/>
      <line num="11" count="0" type="stmt"/>
      <line num="12" count="0" type="stmt"/>
      <line num="13" count="0" type="stmt"/>
      <line num="14" count="0" type="stmt"/>
      <line num="15" count="0" type="stmt"/>
      <line num="16" count="0" type="stmt"/>
      <line num="17" count="0" type="stmt"/>
      <line num="19" count="0" type="stmt"/>
      <line num="22" count="0" type="stmt"/>
      <line num="26" count="0" type="stmt"/>
      <line num="27" count="0" type="stmt"/>
      <line num="32" count="0" type="stmt"/>
      <line num="36" count="1" type="cond" truecount="1" falsecount="1"/>
      <line num="37" count="1" type="stmt"/>
    </file>
  </project>
</coverage>
