{"/home/shail/Documents/github/FSS/src/graph.js": {"path":"/home/shail/Documents/github/FSS/src/graph.js","statementMap":{"0":{"start":{"line":4,"column":2},"end":{"line":4,"column":25}},"1":{"start":{"line":5,"column":2},"end":{"line":5,"column":16}},"2":{"start":{"line":9,"column":2},"end":{"line":9,"column":50}},"3":{"start":{"line":11,"column":15},"end":{"line":11,"column":17}},"4":{"start":{"line":12,"column":13},"end":{"line":12,"column":30}},"5":{"start":{"line":13,"column":2},"end":{"line":20,"column":3}},"6":{"start":{"line":14,"column":3},"end":{"line":14,"column":32}},"7":{"start":{"line":15,"column":21},"end":{"line":15,"column":38}},"8":{"start":{"line":16,"column":3},"end":{"line":17,"column":26}},"9":{"start":{"line":17,"column":4},"end":{"line":17,"column":26}},"10":{"start":{"line":19,"column":3},"end":{"line":19,"column":19}},"11":{"start":{"line":22,"column":2},"end":{"line":22,"column":55}},"12":{"start":{"line":26,"column":2},"end":{"line":26,"column":24}},"13":{"start":{"line":27,"column":2},"end":{"line":27,"column":15}},"14":{"start":{"line":32,"column":2},"end":{"line":32,"column":34}},"15":{"start":{"line":36,"column":0},"end":{"line":37,"column":24}},"16":{"start":{"line":37,"column":1},"end":{"line":37,"column":24}}},"fnMap":{"0":{"name":"(anonymous_0)","decl":{"start":{"line":3,"column":1},"end":{"line":3,"column":2}},"loc":{"start":{"line":3,"column":14},"end":{"line":6,"column":2}},"line":3},"1":{"name":"(anonymous_1)","decl":{"start":{"line":8,"column":1},"end":{"line":8,"column":2}},"loc":{"start":{"line":8,"column":8},"end":{"line":23,"column":2}},"line":8},"2":{"name":"(anonymous_2)","decl":{"start":{"line":25,"column":1},"end":{"line":25,"column":2}},"loc":{"start":{"line":25,"column":13},"end":{"line":28,"column":2}},"line":25},"3":{"name":"(anonymous_3)","decl":{"start":{"line":31,"column":1},"end":{"line":31,"column":2}},"loc":{"start":{"line":31,"column":20},"end":{"line":33,"column":2}},"line":31}},"branchMap":{"0":{"loc":{"start":{"line":36,"column":0},"end":{"line":37,"column":24}},"type":"if","locations":[{"start":{"line":36,"column":0},"end":{"line":37,"column":24}},{"start":{"line":36,"column":0},"end":{"line":37,"column":24}}],"line":36}},"s":{"0":1,"1":1,"2":0,"3":0,"4":0,"5":0,"6":0,"7":0,"8":0,"9":0,"10":0,"11":0,"12":0,"13":0,"14":0,"15":1,"16":1},"f":{"0":1,"1":0,"2":0,"3":0},"b":{"0":[1,0]},"_coverageSchema":"43e27e138ebf9cfc5966b082cf9a028302ed4184","hash":"266bab7a6bc8717072f22a1a9c34092257f434a9"}
}
